2018-01-02 16:42:34 - Admin Action debug
2018-01-02 16:42:34 - Admin Action info
2018-01-02 16:42:34 - Admin Action warn
2018-01-02 16:42:34 - Admin Action error
2018-01-02 16:42:42 - Admin Action debug
2018-01-02 16:42:42 - Admin Action info
2018-01-02 16:42:42 - Admin Action warn
2018-01-02 16:42:42 - Admin Action error
2018-01-02 16:43:33 - Has map has initialized with 3 account instance
2018-01-02 16:43:33 - Injectind dao
2018-01-02 16:43:33 - dao initialized
2018-01-02 16:43:33 - Service instance is ready with dao instance
2018-01-02 16:43:33 - service instance created
2018-01-02 16:43:33 - transfer the amount RS.5000 from accId 1001 to 1002
2018-01-02 16:43:33 - checking the aid against map key
2018-01-02 16:43:33 - account id 1001  found
2018-01-02 16:43:33 - from account retrieved
2018-01-02 16:43:33 - checking the aid against map key
2018-01-02 16:43:33 - Id not found
com.sapient.exception.IdExceptin: Id not found
	at com.sapient.dao.DaoImpl.getAccount(DaoImpl.java:32)
	at com.sapient.service.SerImpl.transfrFund(SerImpl.java:40)
	at com.sapient.client.TransferClient.main(TransferClient.java:20)
2018-01-02 16:43:33 - transfer the amount RS.5000 from accId 1003 to 1002
2018-01-02 16:43:33 - checking the aid against map key
2018-01-02 16:43:33 - Id not found
com.sapient.exception.IdExceptin: Id not found
	at com.sapient.dao.DaoImpl.getAccount(DaoImpl.java:32)
	at com.sapient.service.SerImpl.transfrFund(SerImpl.java:38)
	at com.sapient.client.TransferClient.main(TransferClient.java:28)
2018-01-02 16:43:33 - transfer the amount RS.5000 from accId 1003 to 1002
2018-01-02 16:43:33 - checking the aid against map key
2018-01-02 16:43:33 - Id not found
com.sapient.exception.IdExceptin: Id not found
	at com.sapient.dao.DaoImpl.getAccount(DaoImpl.java:32)
	at com.sapient.service.SerImpl.transfrFund(SerImpl.java:38)
	at com.sapient.client.TransferClient.main(TransferClient.java:36)
2018-01-02 16:44:10 - Has map has initialized with 3 account instance
2018-01-02 16:44:10 - Injectind dao
2018-01-02 16:44:10 - dao initialized
2018-01-02 16:44:10 - Service instance is ready with dao instance
2018-01-02 16:44:10 - service instance created
2018-01-02 16:44:10 - transfer the amount RS.5000 from accId 1001 to 1002
2018-01-02 16:44:10 - checking the aid against map key
2018-01-02 16:44:10 - account id 1001  found
2018-01-02 16:44:10 - from account retrieved
2018-01-02 16:44:10 - checking the aid against map key
2018-01-02 16:44:10 - Id not found
com.sapient.exception.IdExceptin: Id not found
	at com.sapient.dao.DaoImpl.getAccount(DaoImpl.java:32)
	at com.sapient.service.SerImpl.transfrFund(SerImpl.java:40)
	at com.sapient.client.TransferClient.main(TransferClient.java:20)
2018-01-02 16:44:10 - transfer the amount RS.5000 from accId 1003 to 1002
2018-01-02 16:44:10 - checking the aid against map key
2018-01-02 16:44:10 - Id not found
com.sapient.exception.IdExceptin: Id not found
	at com.sapient.dao.DaoImpl.getAccount(DaoImpl.java:32)
	at com.sapient.service.SerImpl.transfrFund(SerImpl.java:38)
	at com.sapient.client.TransferClient.main(TransferClient.java:28)
2018-01-02 16:44:10 - transfer the amount RS.5000 from accId 1003 to 1002
2018-01-02 16:44:24 - Has map has initialized with 3 account instance
2018-01-02 16:44:24 - Injectind dao
2018-01-02 16:44:24 - dao initialized
2018-01-02 16:44:24 - Service instance is ready with dao instance
2018-01-02 16:44:24 - service instance created
2018-01-02 16:44:24 - transfer the amount RS.5000 from accId 1001 to 1002
2018-01-02 16:44:24 - checking the aid against map key
2018-01-02 16:44:24 - account id 1001  found
2018-01-02 16:44:24 - from account retrieved
2018-01-02 16:44:24 - checking the aid against map key
2018-01-02 16:44:24 - Id not found
com.sapient.exception.IdExceptin: Id not found
	at com.sapient.dao.DaoImpl.getAccount(DaoImpl.java:32)
	at com.sapient.service.SerImpl.transfrFund(SerImpl.java:40)
	at com.sapient.client.TransferClient.main(TransferClient.java:20)
2018-01-02 16:44:24 - transfer the amount RS.5000 from accId 1003 to 1002
2018-01-02 16:44:24 - checking the aid against map key
2018-01-02 16:44:24 - Id not found
com.sapient.exception.IdExceptin: Id not found
	at com.sapient.dao.DaoImpl.getAccount(DaoImpl.java:32)
	at com.sapient.service.SerImpl.transfrFund(SerImpl.java:38)
	at com.sapient.client.TransferClient.main(TransferClient.java:28)
2018-01-02 16:44:24 - transfer the amount RS.5000 from accId 1003 to 1002
