2018-01-04 09:52:18 ERROR - Id not found
com.sapient.exception.IdExceptin: Id not found
	at com.sapient.dao.DaoImpl.getAccount(DaoImpl.java:32)
	at com.sapient.service.SerImpl.transfrFund(SerImpl.java:38)
	at com.sapient.client.TransferClient.main(TransferClient.java:43)
2018-01-04 09:57:12 TRACE - main thread start
2018-01-04 09:57:12 TRACE - service constructure invoked
2018-01-04 09:57:12 TRACE - static block called in dao
2018-01-04 09:57:12 DEBUG - Has map has initialized with 3 account instance
2018-01-04 09:57:12 TRACE - setter setDao()  invoked
2018-01-04 09:57:12 DEBUG - Injectind dao
2018-01-04 09:57:12 INFO - dao initialized
2018-01-04 09:57:12 INFO - Service instance is ready with dao instance
2018-01-04 09:57:12 DEBUG - service instance created
2018-01-04 09:57:12 INFO - transfer the amount RS.5000 from accId 1001 to 1002
2018-01-04 09:57:12 TRACE - transferfund()  invoked in service
2018-01-04 09:57:12 TRACE - getAccount() Invoked
2018-01-04 09:57:12 DEBUG - checking the aid against map key
2018-01-04 09:57:12 INFO - account id 1001  found
2018-01-04 09:57:12 DEBUG - from account retrieved
2018-01-04 09:57:12 TRACE - getAccount() Invoked
2018-01-04 09:57:12 DEBUG - checking the aid against map key
2018-01-04 09:57:12 ERROR - Id not found
com.sapient.exception.IdExceptin: Id not found
	at com.sapient.dao.DaoImpl.getAccount(DaoImpl.java:32)
	at com.sapient.service.SerImpl.transfrFund(SerImpl.java:40)
	at com.sapient.client.TransferClient.main(TransferClient.java:27)
2018-01-04 09:57:12 INFO - transfer the amount RS.5000 from accId 1003 to 1002
2018-01-04 09:57:12 TRACE - transferfund()  invoked in service
2018-01-04 09:57:12 TRACE - getAccount() Invoked
2018-01-04 09:57:12 DEBUG - checking the aid against map key
2018-01-04 09:57:12 ERROR - Id not found
com.sapient.exception.IdExceptin: Id not found
	at com.sapient.dao.DaoImpl.getAccount(DaoImpl.java:32)
	at com.sapient.service.SerImpl.transfrFund(SerImpl.java:38)
	at com.sapient.client.TransferClient.main(TransferClient.java:35)
2018-01-04 09:57:12 INFO - transfer the amount RS.5000 from accId 1003 to 1002
2018-01-04 09:57:12 TRACE - transferfund()  invoked in service
2018-01-04 09:57:12 TRACE - getAccount() Invoked
2018-01-04 09:57:12 DEBUG - checking the aid against map key
2018-01-04 09:57:12 ERROR - Id not found
com.sapient.exception.IdExceptin: Id not found
	at com.sapient.dao.DaoImpl.getAccount(DaoImpl.java:32)
	at com.sapient.service.SerImpl.transfrFund(SerImpl.java:38)
	at com.sapient.client.TransferClient.main(TransferClient.java:43)
2018-01-04 09:58:28 TRACE - main thread start
2018-01-04 09:58:28 TRACE - service constructure invoked
2018-01-04 09:58:28 TRACE - static block called in dao
2018-01-04 09:58:28 DEBUG - Has map has initialized with 3 account instance
2018-01-04 09:58:28 TRACE - setter setDao()  invoked
2018-01-04 09:58:28 DEBUG - Injectind dao
2018-01-04 09:58:28 INFO - dao initialized
2018-01-04 09:58:28 INFO - Service instance is ready with dao instance
2018-01-04 09:58:28 DEBUG - service instance created
2018-01-04 09:58:28 INFO - transfer the amount RS.5000 from accId 1001 to 1002
2018-01-04 09:58:28 TRACE - transferfund()  invoked in service
2018-01-04 09:58:28 TRACE - getAccount() Invoked
2018-01-04 09:58:28 DEBUG - checking the aid against map key
2018-01-04 09:58:28 INFO - account id 1001  found
2018-01-04 09:58:28 DEBUG - from account retrieved
2018-01-04 09:58:28 TRACE - getAccount() Invoked
2018-01-04 09:58:28 DEBUG - checking the aid against map key
2018-01-04 09:58:28 ERROR - Id not found
com.sapient.exception.IdExceptin: Id not found
	at com.sapient.dao.DaoImpl.getAccount(DaoImpl.java:32)
	at com.sapient.service.SerImpl.transfrFund(SerImpl.java:40)
	at com.sapient.client.TransferClient.main(TransferClient.java:27)
2018-01-04 09:58:28 INFO - transfer the amount RS.5000 from accId 1003 to 1002
2018-01-04 09:58:28 TRACE - transferfund()  invoked in service
2018-01-04 09:58:28 TRACE - getAccount() Invoked
2018-01-04 09:58:28 DEBUG - checking the aid against map key
2018-01-04 09:58:28 ERROR - Id not found
com.sapient.exception.IdExceptin: Id not found
	at com.sapient.dao.DaoImpl.getAccount(DaoImpl.java:32)
	at com.sapient.service.SerImpl.transfrFund(SerImpl.java:38)
	at com.sapient.client.TransferClient.main(TransferClient.java:35)
2018-01-04 09:58:28 INFO - transfer the amount RS.5000 from accId 1003 to 1002
2018-01-04 09:58:28 TRACE - transferfund()  invoked in service
2018-01-04 09:58:28 TRACE - getAccount() Invoked
2018-01-04 09:58:28 DEBUG - checking the aid against map key
2018-01-04 09:58:28 ERROR - Id not found
com.sapient.exception.IdExceptin: Id not found
	at com.sapient.dao.DaoImpl.getAccount(DaoImpl.java:32)
	at com.sapient.service.SerImpl.transfrFund(SerImpl.java:38)
	at com.sapient.client.TransferClient.main(TransferClient.java:43)
2018-01-04 09:58:34 TRACE - main thread start
2018-01-04 09:58:34 TRACE - service constructure invoked
2018-01-04 09:58:34 TRACE - setter setDao()  invoked
2018-01-04 09:58:34 DEBUG - Injectind dao
2018-01-04 09:58:34 INFO - dao initialized
2018-01-04 09:58:34 INFO - Service instance is ready with dao instance
2018-01-04 09:58:34 DEBUG - service instance created
2018-01-04 09:58:34 INFO - transfer the amount RS.5000 from accId 1001 to 1002
2018-01-04 09:58:34 TRACE - transferfund()  invoked in service
2018-01-04 09:58:34 TRACE - getAccount() Invoked
2018-01-04 09:58:34 DEBUG - checking the aid against map key
2018-01-04 09:58:34 INFO - account id 1001  found
2018-01-04 09:58:34 DEBUG - from account retrieved
2018-01-04 09:58:34 TRACE - getAccount() Invoked
2018-01-04 09:58:34 DEBUG - checking the aid against map key
2018-01-04 09:58:34 ERROR - Id not found
com.sapient.exception.IdExceptin: Id not found
	at com.sapient.dao.DaoImpl.getAccount(DaoImpl.java:32)
	at com.sapient.service.SerImpl.transfrFund(SerImpl.java:40)
	at com.sapient.client.TransferClient.main(TransferClient.java:27)
2018-01-04 09:58:34 INFO - transfer the amount RS.5000 from accId 1003 to 1002
2018-01-04 09:58:34 TRACE - transferfund()  invoked in service
2018-01-04 09:58:34 TRACE - getAccount() Invoked
2018-01-04 09:58:34 DEBUG - checking the aid against map key
2018-01-04 09:58:34 ERROR - Id not found
com.sapient.exception.IdExceptin: Id not found
	at com.sapient.dao.DaoImpl.getAccount(DaoImpl.java:32)
	at com.sapient.service.SerImpl.transfrFund(SerImpl.java:38)
	at com.sapient.client.TransferClient.main(TransferClient.java:35)
2018-01-04 09:58:34 INFO - transfer the amount RS.5000 from accId 1003 to 1002
2018-01-04 09:58:34 TRACE - transferfund()  invoked in service
2018-01-04 09:58:34 TRACE - getAccount() Invoked
2018-01-04 09:58:34 DEBUG - checking the aid against map key
2018-01-04 09:58:34 ERROR - Id not found
com.sapient.exception.IdExceptin: Id not found
	at com.sapient.dao.DaoImpl.getAccount(DaoImpl.java:32)
	at com.sapient.service.SerImpl.transfrFund(SerImpl.java:38)
	at com.sapient.client.TransferClient.main(TransferClient.java:43)
2018-01-04 09:58:35 TRACE - main thread start
2018-01-04 09:58:35 TRACE - service constructure invoked
2018-01-04 09:58:35 TRACE - setter setDao()  invoked
2018-01-04 09:58:35 DEBUG - Injectind dao
2018-01-04 09:58:35 INFO - dao initialized
2018-01-04 09:58:35 INFO - Service instance is ready with dao instance
2018-01-04 09:58:35 DEBUG - service instance created
2018-01-04 09:58:35 INFO - transfer the amount RS.5000 from accId 1001 to 1002
2018-01-04 09:58:35 TRACE - transferfund()  invoked in service
2018-01-04 09:58:35 TRACE - getAccount() Invoked
2018-01-04 09:58:35 DEBUG - checking the aid against map key
2018-01-04 09:58:35 INFO - account id 1001  found
2018-01-04 09:58:35 DEBUG - from account retrieved
2018-01-04 09:58:35 TRACE - getAccount() Invoked
2018-01-04 09:58:35 DEBUG - checking the aid against map key
2018-01-04 09:58:35 ERROR - Id not found
com.sapient.exception.IdExceptin: Id not found
	at com.sapient.dao.DaoImpl.getAccount(DaoImpl.java:32)
	at com.sapient.service.SerImpl.transfrFund(SerImpl.java:40)
	at com.sapient.client.TransferClient.main(TransferClient.java:27)
2018-01-04 09:58:35 INFO - transfer the amount RS.5000 from accId 1003 to 1002
2018-01-04 09:58:35 TRACE - transferfund()  invoked in service
2018-01-04 09:58:35 TRACE - getAccount() Invoked
2018-01-04 09:58:35 DEBUG - checking the aid against map key
2018-01-04 09:58:35 ERROR - Id not found
com.sapient.exception.IdExceptin: Id not found
	at com.sapient.dao.DaoImpl.getAccount(DaoImpl.java:32)
	at com.sapient.service.SerImpl.transfrFund(SerImpl.java:38)
	at com.sapient.client.TransferClient.main(TransferClient.java:35)
2018-01-04 09:58:35 INFO - transfer the amount RS.5000 from accId 1003 to 1002
2018-01-04 09:58:35 TRACE - transferfund()  invoked in service
2018-01-04 09:58:35 TRACE - getAccount() Invoked
2018-01-04 09:58:35 DEBUG - checking the aid against map key
2018-01-04 09:58:35 ERROR - Id not found
com.sapient.exception.IdExceptin: Id not found
	at com.sapient.dao.DaoImpl.getAccount(DaoImpl.java:32)
	at com.sapient.service.SerImpl.transfrFund(SerImpl.java:38)
	at com.sapient.client.TransferClient.main(TransferClient.java:43)
2018-01-04 09:58:36 TRACE - main thread start
2018-01-04 09:58:36 TRACE - service constructure invoked
2018-01-04 09:58:36 TRACE - setter setDao()  invoked
2018-01-04 09:58:36 DEBUG - Injectind dao
2018-01-04 09:58:36 INFO - dao initialized
2018-01-04 09:58:36 INFO - Service instance is ready with dao instance
2018-01-04 09:58:36 DEBUG - service instance created
2018-01-04 09:58:36 INFO - transfer the amount RS.5000 from accId 1001 to 1002
2018-01-04 09:58:36 TRACE - transferfund()  invoked in service
2018-01-04 09:58:36 TRACE - getAccount() Invoked
2018-01-04 09:58:36 DEBUG - checking the aid against map key
2018-01-04 09:58:36 INFO - account id 1001  found
2018-01-04 09:58:36 DEBUG - from account retrieved
2018-01-04 09:58:36 TRACE - getAccount() Invoked
2018-01-04 09:58:36 DEBUG - checking the aid against map key
2018-01-04 09:58:36 ERROR - Id not found
com.sapient.exception.IdExceptin: Id not found
	at com.sapient.dao.DaoImpl.getAccount(DaoImpl.java:32)
	at com.sapient.service.SerImpl.transfrFund(SerImpl.java:40)
	at com.sapient.client.TransferClient.main(TransferClient.java:27)
2018-01-04 09:58:36 INFO - transfer the amount RS.5000 from accId 1003 to 1002
2018-01-04 09:58:36 TRACE - transferfund()  invoked in service
2018-01-04 09:58:36 TRACE - getAccount() Invoked
2018-01-04 09:58:36 DEBUG - checking the aid against map key
2018-01-04 09:58:36 ERROR - Id not found
com.sapient.exception.IdExceptin: Id not found
	at com.sapient.dao.DaoImpl.getAccount(DaoImpl.java:32)
	at com.sapient.service.SerImpl.transfrFund(SerImpl.java:38)
	at com.sapient.client.TransferClient.main(TransferClient.java:35)
2018-01-04 09:58:36 INFO - transfer the amount RS.5000 from accId 1003 to 1002
2018-01-04 09:58:36 TRACE - transferfund()  invoked in service
2018-01-04 09:58:36 TRACE - getAccount() Invoked
2018-01-04 09:58:36 DEBUG - checking the aid against map key
2018-01-04 09:58:36 ERROR - Id not found
com.sapient.exception.IdExceptin: Id not found
	at com.sapient.dao.DaoImpl.getAccount(DaoImpl.java:32)
	at com.sapient.service.SerImpl.transfrFund(SerImpl.java:38)
	at com.sapient.client.TransferClient.main(TransferClient.java:43)
2018-01-04 09:58:36 TRACE - main thread start
2018-01-04 09:58:36 TRACE - service constructure invoked
2018-01-04 09:58:36 TRACE - setter setDao()  invoked
2018-01-04 09:58:36 DEBUG - Injectind dao
2018-01-04 09:58:36 INFO - dao initialized
2018-01-04 09:58:36 INFO - Service instance is ready with dao instance
2018-01-04 09:58:36 DEBUG - service instance created
2018-01-04 09:58:36 INFO - transfer the amount RS.5000 from accId 1001 to 1002
2018-01-04 09:58:36 TRACE - transferfund()  invoked in service
2018-01-04 09:58:36 TRACE - getAccount() Invoked
2018-01-04 09:58:36 DEBUG - checking the aid against map key
2018-01-04 09:58:36 INFO - account id 1001  found
2018-01-04 09:58:36 DEBUG - from account retrieved
2018-01-04 09:58:36 TRACE - getAccount() Invoked
2018-01-04 09:58:36 DEBUG - checking the aid against map key
2018-01-04 09:58:36 ERROR - Id not found
com.sapient.exception.IdExceptin: Id not found
	at com.sapient.dao.DaoImpl.getAccount(DaoImpl.java:32)
	at com.sapient.service.SerImpl.transfrFund(SerImpl.java:40)
	at com.sapient.client.TransferClient.main(TransferClient.java:27)
2018-01-04 09:58:36 INFO - transfer the amount RS.5000 from accId 1003 to 1002
2018-01-04 09:58:36 TRACE - transferfund()  invoked in service
2018-01-04 09:58:36 TRACE - getAccount() Invoked
2018-01-04 09:58:36 DEBUG - checking the aid against map key
2018-01-04 09:58:36 ERROR - Id not found
com.sapient.exception.IdExceptin: Id not found
	at com.sapient.dao.DaoImpl.getAccount(DaoImpl.java:32)
	at com.sapient.service.SerImpl.transfrFund(SerImpl.java:38)
	at com.sapient.client.TransferClient.main(TransferClient.java:35)
2018-01-04 09:58:36 INFO - transfer the amount RS.5000 from accId 1003 to 1002
2018-01-04 09:58:36 TRACE - transferfund()  invoked in service
2018-01-04 09:58:36 TRACE - getAccount() Invoked
2018-01-04 09:58:36 DEBUG - checking the aid against map key
2018-01-04 09:58:36 ERROR - Id not found
com.sapient.exception.IdExceptin: Id not found
	at com.sapient.dao.DaoImpl.getAccount(DaoImpl.java:32)
	at com.sapient.service.SerImpl.transfrFund(SerImpl.java:38)
	at com.sapient.client.TransferClient.main(TransferClient.java:43)
