2018-01-02 17:10:57,394 [main] TRACE  sapient - service constructure invoked
2018-01-02 17:10:57,396 [main] TRACE  sapient - static block called in dao
2018-01-02 17:10:57,397 [main] DEBUG  sapient - Has map has initialized with 3 account instance
2018-01-02 17:10:57,397 [main] TRACE  sapient - setter setDao()  invoked
2018-01-02 17:10:57,397 [main] DEBUG  sapient - Injectind dao
2018-01-02 17:10:57,397 [main] INFO   sapient - dao initialized
2018-01-02 17:10:57,398 [main] INFO   sapient - Service instance is ready with dao instance
2018-01-02 17:10:57,399 [main] TRACE  sapient - transferfund()  invoked in service
2018-01-02 17:10:57,399 [main] TRACE  sapient - getAccount() Invoked
2018-01-02 17:10:57,399 [main] DEBUG  sapient - checking the aid against map key
2018-01-02 17:10:57,399 [main] INFO   sapient - account id 1001  found
2018-01-02 17:10:57,400 [main] DEBUG  sapient - from account retrieved
2018-01-02 17:10:57,400 [main] TRACE  sapient - getAccount() Invoked
2018-01-02 17:10:57,400 [main] DEBUG  sapient - checking the aid against map key
2018-01-02 17:10:57,401 [main] TRACE  sapient - transferfund()  invoked in service
2018-01-02 17:10:57,402 [main] TRACE  sapient - getAccount() Invoked
2018-01-02 17:10:57,402 [main] DEBUG  sapient - checking the aid against map key
2018-01-02 17:10:57,402 [main] TRACE  sapient - transferfund()  invoked in service
2018-01-02 17:10:57,402 [main] TRACE  sapient - getAccount() Invoked
2018-01-02 17:10:57,402 [main] DEBUG  sapient - checking the aid against map key
